\BOOKMARK [1][-]{section.0}{Problems}{}% 1
\BOOKMARK [1][-]{section.1}{Problem 1}{}% 2
\BOOKMARK [2][-]{subsection.1.1}{Problem}{section.1}% 3
\BOOKMARK [2][-]{subsection.1.2}{Common definitions and results}{section.1}% 4
\BOOKMARK [2][-]{subsection.1.3}{Solutions}{section.1}% 5
\BOOKMARK [3][-]{subsubsection.1.3.1}{Solution 1 \(Fedir Yudin\)}{subsection.1.3}% 6
\BOOKMARK [3][-]{subsubsection.1.3.2}{Solution 2 \(Navneel Singhal, Jakob Jurij Snoj\)}{subsection.1.3}% 7
\BOOKMARK [3][-]{subsubsection.1.3.3}{Solution 3 \(Massimiliano Foschi, Navneel Singhal\)}{subsection.1.3}% 8
\BOOKMARK [3][-]{subsubsection.1.3.4}{Solution 4 \(Pitchayut Saengrungkongka\)}{subsection.1.3}% 9
\BOOKMARK [3][-]{subsubsection.1.3.5}{Solution 5 \(Pitchayut Saengrungkongka\)}{subsection.1.3}% 10
\BOOKMARK [3][-]{subsubsection.1.3.6}{Solution 6 \(Pitchayut Saengrungkongka\)}{subsection.1.3}% 11
\BOOKMARK [3][-]{subsubsection.1.3.7}{Solution 7 \(Pitchayut Saengrungkongka\)}{subsection.1.3}% 12
\BOOKMARK [3][-]{subsubsection.1.3.8}{Solution 8a \(Navneel Singhal\)}{subsection.1.3}% 13
\BOOKMARK [3][-]{subsubsection.1.3.9}{Solution 8b \(Pitchayut Saengrungkongka\)}{subsection.1.3}% 14
\BOOKMARK [3][-]{subsubsection.1.3.10}{Solution 8c \(Navneel Singhal\)}{subsection.1.3}% 15
\BOOKMARK [3][-]{subsubsection.1.3.11}{Solution 9 \(Pitchayut Saengrungkongka\)}{subsection.1.3}% 16
\BOOKMARK [3][-]{subsubsection.1.3.12}{Solution 10 \(Amirhosein Rajabi\)}{subsection.1.3}% 17
\BOOKMARK [2][-]{subsection.1.4}{Preliminary notes on grading this problem}{section.1}% 18
\BOOKMARK [2][-]{subsection.1.5}{Marking scheme}{section.1}% 19
\BOOKMARK [3][-]{subsubsection.1.5.1}{Solution 1 \(Fedir Yudin\)}{subsection.1.5}% 20
\BOOKMARK [3][-]{subsubsection.1.5.2}{Solution 2 \(Navneel Singhal, Jakob Jurij Snoj\)}{subsection.1.5}% 21
\BOOKMARK [3][-]{subsubsection.1.5.3}{Solution 3 \(Massimiliano Foschi, Navneel Singhal\)}{subsection.1.5}% 22
\BOOKMARK [3][-]{subsubsection.1.5.4}{Solutions 4 and 5 \(Pitchayut Saengrungkongka\)}{subsection.1.5}% 23
\BOOKMARK [3][-]{subsubsection.1.5.5}{Solution 6 \(Pitchayut Saengrungkongka\)}{subsection.1.5}% 24
\BOOKMARK [3][-]{subsubsection.1.5.6}{Solutions 8 and 9 \(Navneel Singhal, Pitchayut Saengrungkongka\)}{subsection.1.5}% 25
\BOOKMARK [3][-]{subsubsection.1.5.7}{Solution 10 \(Amirhosein Rajabi\)}{subsection.1.5}% 26
\BOOKMARK [1][-]{section.2}{Problem 2}{}% 27
\BOOKMARK [2][-]{subsection.2.1}{Problem}{section.2}% 28
\BOOKMARK [2][-]{subsection.2.2}{Solutions}{section.2}% 29
\BOOKMARK [3][-]{subsubsection.2.2.1}{Solution 1 \(David Rusch\)}{subsection.2.2}% 30
\BOOKMARK [3][-]{subsubsection.2.2.2}{Solution 2 \(Navneel Singhal\)}{subsection.2.2}% 31
\BOOKMARK [2][-]{subsection.2.3}{Marking scheme}{section.2}% 32
\BOOKMARK [1][-]{section.3}{Problem 3}{}% 33
\BOOKMARK [2][-]{subsection.3.1}{Problem}{section.3}% 34
\BOOKMARK [2][-]{subsection.3.2}{Solutions}{section.3}% 35
\BOOKMARK [3][-]{subsubsection.3.2.1}{Solution 1 \(Morteza Saghafian\)}{subsection.3.2}% 36
\BOOKMARK [3][-]{subsubsection.3.2.2}{Solution 2 \(Natanon Therdpraisan\)}{subsection.3.2}% 37
\BOOKMARK [3][-]{subsubsection.3.2.3}{Remark}{subsection.3.2}% 38
\BOOKMARK [2][-]{subsection.3.3}{Marking scheme}{section.3}% 39
\BOOKMARK [1][-]{section.4}{Problem 4}{}% 40
\BOOKMARK [2][-]{subsection.4.1}{Problem}{section.4}% 41
\BOOKMARK [2][-]{subsection.4.2}{Solutions}{section.4}% 42
\BOOKMARK [3][-]{subsubsection.4.2.1}{Solution 1 \(Vincent Jug\351\)}{subsection.4.2}% 43
\BOOKMARK [3][-]{subsubsection.4.2.2}{Solution 2 \(Navneel Singhal\)}{subsection.4.2}% 44
\BOOKMARK [3][-]{subsubsection.4.2.3}{Solution 3 \(Pitchayut Saengrungkongka\)}{subsection.4.2}% 45
\BOOKMARK [2][-]{subsection.4.3}{Preliminary notes on grading this problem}{section.4}% 46
\BOOKMARK [2][-]{subsection.4.4}{Marking scheme}{section.4}% 47
\BOOKMARK [1][-]{section.5}{Problem 5}{}% 48
\BOOKMARK [2][-]{subsection.5.1}{Problem}{section.5}% 49
\BOOKMARK [2][-]{subsection.5.2}{Solutions}{section.5}% 50
\BOOKMARK [3][-]{subsubsection.5.2.1}{Solution 1 \(Vincent Jug\351\)}{subsection.5.2}% 51
\BOOKMARK [3][-]{subsubsection.5.2.2}{Solution 1a \(Jhefferson Lopez\)}{subsection.5.2}% 52
\BOOKMARK [3][-]{subsubsection.5.2.3}{Solution 2 \(Jhefferson Lopez\)}{subsection.5.2}% 53
\BOOKMARK [2][-]{subsection.5.3}{Marking scheme}{section.5}% 54
\BOOKMARK [1][-]{section.6}{Problem 6}{}% 55
\BOOKMARK [2][-]{subsection.6.1}{Problem}{section.6}% 56
\BOOKMARK [2][-]{subsection.6.2}{Solutions}{section.6}% 57
\BOOKMARK [2][-]{subsection.6.3}{Marking Scheme}{section.6}% 58
\BOOKMARK [1][-]{section.7}{Problem 7}{}% 59
\BOOKMARK [2][-]{subsection.7.1}{Problem}{section.7}% 60
\BOOKMARK [2][-]{subsection.7.2}{Solutions}{section.7}% 61
\BOOKMARK [3][-]{subsubsection.7.2.1}{Example}{subsection.7.2}% 62
\BOOKMARK [3][-]{subsubsection.7.2.2}{Bound}{subsection.7.2}% 63
\BOOKMARK [2][-]{subsection.7.3}{Marking scheme}{section.7}% 64
\BOOKMARK [3][-]{subsubsection.7.3.1}{Example}{subsection.7.3}% 65
\BOOKMARK [3][-]{subsubsection.7.3.2}{Upper bound}{subsection.7.3}% 66
\BOOKMARK [3][-]{subsubsection.7.3.3}{Deductions}{subsection.7.3}% 67
\BOOKMARK [1][-]{section.8}{Problem 8}{}% 68
\BOOKMARK [2][-]{subsection.8.1}{Problem}{section.8}% 69
\BOOKMARK [2][-]{subsection.8.2}{Solutions}{section.8}% 70
\BOOKMARK [3][-]{subsubsection.8.2.1}{Solution 1 \(Navneel Singhal\)}{subsection.8.2}% 71
\BOOKMARK [3][-]{subsubsection.8.2.2}{Solution 2 \(Pitchayut Saengrungkongka and Navneel Singhal\)}{subsection.8.2}% 72
\BOOKMARK [3][-]{subsubsection.8.2.3}{Solution 3 \(Pitchayut Saengrungkongka\)}{subsection.8.2}% 73
\BOOKMARK [3][-]{subsubsection.8.2.4}{Solution 4 \(Francesco Sala and Pitchayut Saengrungkongka\)}{subsection.8.2}% 74
\BOOKMARK [2][-]{subsection.8.3}{Marking Scheme}{section.8}% 75
\BOOKMARK [3][-]{subsubsection.8.3.1}{Preliminary remarks}{subsection.8.3}% 76
\BOOKMARK [3][-]{subsubsection.8.3.2}{Solution 1 \(Navneel Singhal\)}{subsection.8.3}% 77
\BOOKMARK [3][-]{subsubsection.8.3.3}{Solution 2 \(Pitchayut Saengrungkongka and Navneel Singhal\)}{subsection.8.3}% 78
\BOOKMARK [3][-]{subsubsection.8.3.4}{Solution 3 \(Pitchayut Saengrungkongka\)}{subsection.8.3}% 79
\BOOKMARK [3][-]{subsubsection.8.3.5}{Solution 4 \(Francesco Sala and Pitchayut Saengrungkongka\)}{subsection.8.3}% 80
